2022-02-03 18:40:09.772  INFO 6812 --- [restartedMain] c.f.flights.FlightServiceApplication     : Starting FlightServiceApplication using Java 15.0.1 on LTIN358155 with PID 6812 (C:\Users\2108837\OneDrive - Cognizant\Workspace\flight-service\target\classes started by 2108837 in C:\Users\2108837\OneDrive - Cognizant\Workspace\flight-service)
2022-02-03 18:40:09.783  INFO 6812 --- [restartedMain] c.f.flights.FlightServiceApplication     : No active profile set, falling back to default profiles: default
2022-02-03 18:40:09.845  INFO 6812 --- [restartedMain] .e.DevToolsPropertyDefaultsPostProcessor : Devtools property defaults active! Set 'spring.devtools.add-properties' to 'false' to disable
2022-02-03 18:40:09.846  INFO 6812 --- [restartedMain] .e.DevToolsPropertyDefaultsPostProcessor : For additional web related logging consider setting the 'logging.level.web' property to 'DEBUG'
2022-02-03 18:40:11.598  INFO 6812 --- [restartedMain] .s.d.r.c.RepositoryConfigurationDelegate : Bootstrapping Spring Data JPA repositories in DEFAULT mode.
2022-02-03 18:40:11.840  INFO 6812 --- [restartedMain] .s.d.r.c.RepositoryConfigurationDelegate : Finished Spring Data repository scanning in 233 ms. Found 1 JPA repository interfaces.
2022-02-03 18:40:12.218  INFO 6812 --- [restartedMain] o.s.cloud.context.scope.GenericScope     : BeanFactory id=36b20314-6d3a-35a7-96e7-f0d74188728e
2022-02-03 18:40:13.072  INFO 6812 --- [restartedMain] o.s.b.w.embedded.tomcat.TomcatWebServer  : Tomcat initialized with port(s): 8080 (http)
2022-02-03 18:40:13.086  INFO 6812 --- [restartedMain] o.apache.catalina.core.StandardService   : Starting service [Tomcat]
2022-02-03 18:40:13.087  INFO 6812 --- [restartedMain] org.apache.catalina.core.StandardEngine  : Starting Servlet engine: [Apache Tomcat/9.0.54]
2022-02-03 18:40:13.280  INFO 6812 --- [restartedMain] o.a.c.c.C.[.[localhost].[/airlines]      : Initializing Spring embedded WebApplicationContext
2022-02-03 18:40:13.281  INFO 6812 --- [restartedMain] w.s.c.ServletWebServerApplicationContext : Root WebApplicationContext: initialization completed in 3435 ms
2022-02-03 18:40:13.511  WARN 6812 --- [restartedMain] ConfigServletWebServerApplicationContext : Exception encountered during context initialization - cancelling refresh attempt: org.springframework.beans.factory.UnsatisfiedDependencyException: Error creating bean with name 'dataSourceScriptDatabaseInitializer' defined in class path resource [org/springframework/boot/autoconfigure/sql/init/DataSourceInitializationConfiguration.class]: Unsatisfied dependency expressed through method 'dataSourceScriptDatabaseInitializer' parameter 0; nested exception is org.springframework.beans.factory.BeanCreationException: Error creating bean with name 'dataSource' defined in class path resource [org/springframework/boot/autoconfigure/jdbc/DataSourceConfiguration$Hikari.class]: Bean instantiation via factory method failed; nested exception is org.springframework.beans.BeanInstantiationException: Failed to instantiate [com.zaxxer.hikari.HikariDataSource]: Factory method 'dataSource' threw exception; nested exception is org.springframework.boot.autoconfigure.jdbc.DataSourceProperties$DataSourceBeanCreationException: Failed to determine a suitable driver class
2022-02-03 18:40:13.516  INFO 6812 --- [restartedMain] o.apache.catalina.core.StandardService   : Stopping service [Tomcat]
2022-02-03 18:40:13.549  INFO 6812 --- [restartedMain] ConditionEvaluationReportLoggingListener : 

Error starting ApplicationContext. To display the conditions report re-run your application with 'debug' enabled.
2022-02-03 18:40:13.575 ERROR 6812 --- [restartedMain] o.s.b.d.LoggingFailureAnalysisReporter   : 

***************************
APPLICATION FAILED TO START
***************************

Description:

Failed to configure a DataSource: 'url' attribute is not specified and no embedded datasource could be configured.

Reason: Failed to determine a suitable driver class


Action:

Consider the following:
	If you want an embedded database (H2, HSQL or Derby), please put it on the classpath.
	If you have database settings to be loaded from a particular profile you may need to activate it (no profiles are currently active).

